<?xml version="1.0" encoding="UTF-8"?>
<!-- Generated by org.testng.reporters.JUnitXMLReporter -->
<testsuite hostname="spinner" name="FlipKart Login/Logout" tests="7" failures="0" timestamp="18 May 2012 02:40:35 GMT" time="79.384" errors="0">
  <testcase name="openBrowser" time="24.384" classname="TestCenter.TestOpenFlipKart"/>
  <testcase name="clikLogin" time="15.387" classname="TestCenter.TestLoginFlipKart"/>
  <testcase name="addItem" time="15.005" classname="TestCenter.TestAddItemFlipKart"/>
  <testcase name="addItem" time="0.0020" classname="TestCenter.TestAddItemFlipKart">
    <skipped/>
  </testcase> <!-- addItem -->
  <testcase name="addItem" time="16.96" classname="TestCenter.TestAddItemFlipKart"/>
  <testcase name="CheckCart" time="1.345" classname="TestCenter.TestCheckCartFlipKart"/>
  <testcase name="clikLogOut" time="5.64" classname="TestCenter.TestLogoutFlipKart"/>
</testsuite> <!-- FlipKart Login/Logout -->
