<?xml version="1.0" encoding="UTF-8"?>
<!-- Generated by org.testng.reporters.JUnitXMLReporter -->
<testsuite hostname="spinner" name="Default test" tests="3" failures="0" timestamp="18 May 2012 00:31:24 GMT" time="21.606" errors="0">
  <testcase name="addItem" time="0.0040" classname="TestCenter.TestAddItemFlipKart"/>
  <testcase name="addItem" time="0.0" classname="TestCenter.TestAddItemFlipKart"/>
  <testcase name="addItem" time="0.0" classname="TestCenter.TestAddItemFlipKart"/>
</testsuite> <!-- Default test -->
