<?xml version="1.0" encoding="UTF-8"?>
<testng-results skipped="1" failed="0" total="7" passed="6">
  <reporter-output>
  </reporter-output>
  <suite name="Automating FlipKart" duration-ms="79384" started-at="2012-05-18T08:09:15Z" finished-at="2012-05-18T08:10:35Z">
    <groups>
    </groups>
    <test name="FlipKart Login/Logout" duration-ms="79384" started-at="2012-05-18T08:09:15Z" finished-at="2012-05-18T08:10:35Z">
      <class name="TestCenter.TestOpenFlipKart">
        <test-method status="PASS" signature="setUp()[pri:0, instance:TestCenter.TestOpenFlipKart@175093f1]" name="setUp" is-config="true" duration-ms="7" started-at="2012-05-18T08:09:15Z" finished-at="2012-05-18T08:09:15Z">
        </test-method> <!-- setUp -->
        <test-method status="PASS" signature="openBrowser()[pri:0, instance:TestCenter.TestOpenFlipKart@175093f1]" name="openBrowser" duration-ms="24384" started-at="2012-05-18T08:09:15Z" finished-at="2012-05-18T08:09:40Z">
        </test-method> <!-- openBrowser -->
      </class> <!-- TestCenter.TestOpenFlipKart -->
      <class name="TestCenter.TestLogoutFlipKart">
        <test-method status="PASS" signature="setUp()[pri:0, instance:TestCenter.TestLogoutFlipKart@105e55ab]" name="setUp" is-config="true" duration-ms="0" started-at="2012-05-18T08:10:29Z" finished-at="2012-05-18T08:10:29Z">
        </test-method> <!-- setUp -->
        <test-method status="PASS" signature="clikLogOut()[pri:0, instance:TestCenter.TestLogoutFlipKart@105e55ab]" name="clikLogOut" duration-ms="5640" started-at="2012-05-18T08:10:29Z" finished-at="2012-05-18T08:10:35Z">
        </test-method> <!-- clikLogOut -->
      </class> <!-- TestCenter.TestLogoutFlipKart -->
      <class name="TestCenter.TestLoginFlipKart">
        <test-method status="PASS" signature="setUp()[pri:0, instance:TestCenter.TestLoginFlipKart@2c79a2e7]" name="setUp" is-config="true" duration-ms="1" started-at="2012-05-18T08:09:40Z" finished-at="2012-05-18T08:09:40Z">
        </test-method> <!-- setUp -->
        <test-method status="PASS" signature="clikLogin()[pri:0, instance:TestCenter.TestLoginFlipKart@2c79a2e7]" name="clikLogin" duration-ms="15387" started-at="2012-05-18T08:09:40Z" finished-at="2012-05-18T08:09:55Z">
        </test-method> <!-- clikLogin -->
        <test-method status="PASS" signature="shutDown()[pri:0, instance:TestCenter.TestLoginFlipKart@2c79a2e7]" name="shutDown" is-config="true" duration-ms="231" started-at="2012-05-18T08:10:35Z" finished-at="2012-05-18T08:10:35Z">
        </test-method> <!-- shutDown -->
      </class> <!-- TestCenter.TestLoginFlipKart -->
      <class name="TestCenter.TestAddItemFlipKart">
        <test-method status="PASS" signature="setUp()[pri:0, instance:TestCenter.TestAddItemFlipKart@214a55f2]" name="setUp" is-config="true" duration-ms="0" started-at="2012-05-18T08:09:55Z" finished-at="2012-05-18T08:09:55Z">
        </test-method> <!-- setUp -->
        <test-method status="PASS" signature="addItem(java.lang.String, java.lang.String, java.lang.String)[pri:0, instance:TestCenter.TestAddItemFlipKart@214a55f2]" name="addItem" duration-ms="15005" started-at="2012-05-18T08:09:56Z" data-provider="getData" finished-at="2012-05-18T08:10:11Z">
          <params>
            <param index="0">
              <value>
                <![CDATA[Poor Little Rich Slum by Rashmi Bansal]]>
              </value>
            </param>
            <param index="1">
              <value>
                <![CDATA[175.0]]>
              </value>
            </param>
            <param index="2">
              <value>
                <![CDATA[Y]]>
              </value>
            </param>
          </params>
        </test-method> <!-- addItem -->
        <test-method status="SKIP" signature="addItem(java.lang.String, java.lang.String, java.lang.String)[pri:0, instance:TestCenter.TestAddItemFlipKart@214a55f2]" name="addItem" duration-ms="2" started-at="2012-05-18T08:10:11Z" data-provider="getData" finished-at="2012-05-18T08:10:11Z">
          <params>
            <param index="0">
              <value>
                <![CDATA[Babyliss 271CE Hair Curler]]>
              </value>
            </param>
            <param index="1">
              <value>
                <![CDATA[876.0]]>
              </value>
            </param>
            <param index="2">
              <value>
                <![CDATA[N]]>
              </value>
            </param>
          </params>
          <exception class="org.testng.SkipException">
            <message>
              <![CDATA[Test data runmode Set to no]]>
            </message>
            <full-stacktrace>
              <![CDATA[org.testng.SkipException: Test data runmode Set to no
	at TestCenter.TestAddItemFlipKart.addItem(TestAddItemFlipKart.java:21)
	at sun.reflect.NativeMethodAccessorImpl.invoke0(Native Method)
	at sun.reflect.NativeMethodAccessorImpl.invoke(Unknown Source)
	at sun.reflect.DelegatingMethodAccessorImpl.invoke(Unknown Source)
	at java.lang.reflect.Method.invoke(Unknown Source)
	at org.testng.internal.MethodInvocationHelper.invokeMethod(MethodInvocationHelper.java:80)
	at org.testng.internal.Invoker.invokeMethod(Invoker.java:702)
	at org.testng.internal.Invoker.invokeTestMethod(Invoker.java:894)
	at org.testng.internal.Invoker.invokeTestMethods(Invoker.java:1219)
	at org.testng.internal.TestMethodWorker.invokeTestMethods(TestMethodWorker.java:127)
	at org.testng.internal.TestMethodWorker.run(TestMethodWorker.java:111)
	at org.testng.TestRunner.privateRun(TestRunner.java:768)
	at org.testng.TestRunner.run(TestRunner.java:617)
	at org.testng.SuiteRunner.runTest(SuiteRunner.java:334)
	at org.testng.SuiteRunner.runSequentially(SuiteRunner.java:329)
	at org.testng.SuiteRunner.privateRun(SuiteRunner.java:291)
	at org.testng.SuiteRunner.run(SuiteRunner.java:240)
	at org.testng.SuiteRunnerWorker.runSuite(SuiteRunnerWorker.java:53)
	at org.testng.SuiteRunnerWorker.run(SuiteRunnerWorker.java:87)
	at org.testng.TestNG.runSuitesSequentially(TestNG.java:1185)
	at org.testng.TestNG.runSuitesLocally(TestNG.java:1110)
	at org.testng.TestNG.run(TestNG.java:1022)
	at org.testng.remote.RemoteTestNG.run(RemoteTestNG.java:109)
	at org.testng.remote.RemoteTestNG.initAndRun(RemoteTestNG.java:202)
	at org.testng.remote.RemoteTestNG.main(RemoteTestNG.java:173)
]]>
            </full-stacktrace>
          </exception> <!-- org.testng.SkipException -->
        </test-method> <!-- addItem -->
        <test-method status="PASS" signature="addItem(java.lang.String, java.lang.String, java.lang.String)[pri:0, instance:TestCenter.TestAddItemFlipKart@214a55f2]" name="addItem" duration-ms="16960" started-at="2012-05-18T08:10:11Z" data-provider="getData" finished-at="2012-05-18T08:10:28Z">
          <params>
            <param index="0">
              <value>
                <![CDATA[Sony Cybershot DSC-S5000 Point & Shoot (Black) ]]>
              </value>
            </param>
            <param index="1">
              <value>
                <![CDATA[5300.0]]>
              </value>
            </param>
            <param index="2">
              <value>
                <![CDATA[Y]]>
              </value>
            </param>
          </params>
        </test-method> <!-- addItem -->
      </class> <!-- TestCenter.TestAddItemFlipKart -->
      <class name="TestCenter.TestCheckCartFlipKart">
        <test-method status="PASS" signature="setUp()[pri:0, instance:TestCenter.TestCheckCartFlipKart@65b60280]" name="setUp" is-config="true" duration-ms="1" started-at="2012-05-18T08:10:28Z" finished-at="2012-05-18T08:10:28Z">
        </test-method> <!-- setUp -->
        <test-method status="PASS" signature="CheckCart()[pri:0, instance:TestCenter.TestCheckCartFlipKart@65b60280]" name="CheckCart" duration-ms="1345" started-at="2012-05-18T08:10:28Z" finished-at="2012-05-18T08:10:29Z">
        </test-method> <!-- CheckCart -->
      </class> <!-- TestCenter.TestCheckCartFlipKart -->
    </test> <!-- FlipKart Login/Logout -->
  </suite> <!-- Automating FlipKart -->
</testng-results>
